<?xml version="1.0" encoding="UTF-8"?>
<testsuite name="com.gmaingret.outlinergod.db.dao.SettingsDaoTest" tests="7" skipped="0" failures="0" errors="0" timestamp="2026-03-04T11:05:29.510Z" hostname="GREGLAPTOP" time="0.501">
  <properties/>
  <testcase name="getSettings_emitsNull_whenNoRow" classname="com.gmaingret.outlinergod.db.dao.SettingsDaoTest" time="0.106"/>
  <testcase name="getPendingSettings_returnsRow_whenAnyHlcAboveSince" classname="com.gmaingret.outlinergod.db.dao.SettingsDaoTest" time="0.074"/>
  <testcase name="upsertSettings_insertsNewRow" classname="com.gmaingret.outlinergod.db.dao.SettingsDaoTest" time="0.066"/>
  <testcase name="getPendingSettings_returnsNull_whenAllHlcsAtOrBelowSince" classname="com.gmaingret.outlinergod.db.dao.SettingsDaoTest" time="0.08"/>
  <testcase name="getSettings_emitsUpdatedValue_afterUpsert" classname="com.gmaingret.outlinergod.db.dao.SettingsDaoTest" time="0.058"/>
  <testcase name="upsertSettings_replacesExistingRow" classname="com.gmaingret.outlinergod.db.dao.SettingsDaoTest" time="0.054"/>
  <testcase name="getPendingSettings_returnsNull_whenDifferentDevice" classname="com.gmaingret.outlinergod.db.dao.SettingsDaoTest" time="0.061"/>
  <system-out><![CDATA[]]></system-out>
  <system-err><![CDATA[]]></system-err>
</testsuite>
