<?xml version="1.0" encoding="UTF-8"?>
<testsuite name="com.gmaingret.outlinergod.db.AppDatabaseTest" tests="6" skipped="0" failures="0" errors="0" timestamp="2026-03-04T11:05:27.685Z" hostname="GREGLAPTOP" time="0.398">
  <properties/>
  <testcase name="buildInMemory_exposesSettingsDao" classname="com.gmaingret.outlinergod.db.AppDatabaseTest" time="0.066"/>
  <testcase name="buildInMemory_exposesDocumentDao" classname="com.gmaingret.outlinergod.db.AppDatabaseTest" time="0.051"/>
  <testcase name="buildInMemory_exposesNodeDao" classname="com.gmaingret.outlinergod.db.AppDatabaseTest" time="0.044"/>
  <testcase name="buildInMemory_returnsUsableDatabase" classname="com.gmaingret.outlinergod.db.AppDatabaseTest" time="0.085"/>
  <testcase name="twoInMemoryInstances_areIndependent" classname="com.gmaingret.outlinergod.db.AppDatabaseTest" time="0.117"/>
  <testcase name="buildInMemory_exposesBookmarkDao" classname="com.gmaingret.outlinergod.db.AppDatabaseTest" time="0.035"/>
  <system-out><![CDATA[]]></system-out>
  <system-err><![CDATA[]]></system-err>
</testsuite>
