<?xml version="1.0" encoding="UTF-8"?>
<testsuite name="com.gmaingret.outlinergod.ui.screen.nodeeditor.NodeEditorSyncTest" tests="8" skipped="0" failures="0" errors="0" timestamp="2026-03-04T11:05:25.726Z" hostname="GREGLAPTOP" time="0.444">
  <properties/>
  <testcase name="onScreenResumed startsInactivityTimer 30s" classname="com.gmaingret.outlinergod.ui.screen.nodeeditor.NodeEditorSyncTest" time="0.078"/>
  <testcase name="triggerSync includes settings in push when pending" classname="com.gmaingret.outlinergod.ui.screen.nodeeditor.NodeEditorSyncTest" time="0.056"/>
  <testcase name="triggerSync omits settings from push when no pending" classname="com.gmaingret.outlinergod.ui.screen.nodeeditor.NodeEditorSyncTest" time="0.035"/>
  <testcase name="onContentChanged resetsInactivityTimer" classname="com.gmaingret.outlinergod.ui.screen.nodeeditor.NodeEditorSyncTest" time="0.074"/>
  <testcase name="onScreenResumed triggersSyncImmediately" classname="com.gmaingret.outlinergod.ui.screen.nodeeditor.NodeEditorSyncTest" time="0.058"/>
  <testcase name="syncFailure setsSyncStatusError noCrash" classname="com.gmaingret.outlinergod.ui.screen.nodeeditor.NodeEditorSyncTest" time="0.032"/>
  <testcase name="onScreenPaused cancelsInactivityTimer" classname="com.gmaingret.outlinergod.ui.screen.nodeeditor.NodeEditorSyncTest" time="0.072"/>
  <testcase name="triggerSync setsSyncingThenIdle inUiState" classname="com.gmaingret.outlinergod.ui.screen.nodeeditor.NodeEditorSyncTest" time="0.037"/>
  <system-out><![CDATA[]]></system-out>
  <system-err><![CDATA[]]></system-err>
</testsuite>
