<?xml version="1.0" encoding="UTF-8"?>
<testsuite name="com.gmaingret.outlinergod.repository.SyncRepositoryTest" tests="7" skipped="0" failures="0" errors="0" timestamp="2026-03-04T11:05:31.242Z" hostname="GREGLAPTOP" time="0.074">
  <properties/>
  <testcase name="pull_since_sentinelZero_isPassedAsLiteralString" classname="com.gmaingret.outlinergod.repository.SyncRepositoryTest" time="0.017"/>
  <testcase name="push_returnsFailure_onNetworkError" classname="com.gmaingret.outlinergod.repository.SyncRepositoryTest" time="0.015"/>
  <testcase name="pull_callsCorrectEndpoint_withQueryParams" classname="com.gmaingret.outlinergod.repository.SyncRepositoryTest" time="0.008"/>
  <testcase name="push_callsCorrectEndpoint_withJsonBody" classname="com.gmaingret.outlinergod.repository.SyncRepositoryTest" time="0.011"/>
  <testcase name="push_parsesConflictsInResponse" classname="com.gmaingret.outlinergod.repository.SyncRepositoryTest" time="0.008"/>
  <testcase name="pull_parsesResponse_correctly" classname="com.gmaingret.outlinergod.repository.SyncRepositoryTest" time="0.007"/>
  <testcase name="pull_returnsFailure_onNetworkError" classname="com.gmaingret.outlinergod.repository.SyncRepositoryTest" time="0.007"/>
  <system-out><![CDATA[]]></system-out>
  <system-err><![CDATA[]]></system-err>
</testsuite>
