<?xml version="1.0" encoding="UTF-8"?>
<testsuite name="com.gmaingret.outlinergod.ui.screen.bookmarks.BookmarkListViewModelTest" tests="5" skipped="0" failures="0" errors="0" timestamp="2026-03-04T11:05:12.703Z" hostname="GREGLAPTOP" time="7.806">
  <properties/>
  <testcase name="softDeleteBookmark calls dao with correct id and hlc" classname="com.gmaingret.outlinergod.ui.screen.bookmarks.BookmarkListViewModelTest" time="7.334"/>
  <testcase name="loadBookmarks emits Empty when no bookmarks" classname="com.gmaingret.outlinergod.ui.screen.bookmarks.BookmarkListViewModelTest" time="0.145"/>
  <testcase name="onBookmarkTapped with document type posts NavigateToDocument" classname="com.gmaingret.outlinergod.ui.screen.bookmarks.BookmarkListViewModelTest" time="0.127"/>
  <testcase name="loadBookmarks emits Success with bookmarks" classname="com.gmaingret.outlinergod.ui.screen.bookmarks.BookmarkListViewModelTest" time="0.105"/>
  <testcase name="onBookmarkTapped with node type posts NavigateToNodeEditor" classname="com.gmaingret.outlinergod.ui.screen.bookmarks.BookmarkListViewModelTest" time="0.095"/>
  <system-out><![CDATA[]]></system-out>
  <system-err><![CDATA[SLF4J(W): No SLF4J providers were found.
SLF4J(W): Defaulting to no-operation (NOP) logger implementation
SLF4J(W): See https://www.slf4j.org/codes.html#noProviders for further details.
WARNING: A Java agent has been loaded dynamically (C:\Users\gmain\.gradle\caches\modules-2\files-2.1\net.bytebuddy\byte-buddy-agent\1.14.17\e3c251a39dc90badaf71c83427ba46840f219d8d\byte-buddy-agent-1.14.17.jar)
WARNING: If a serviceability tool is in use, please run with -XX:+EnableDynamicAgentLoading to hide this warning
WARNING: If a serviceability tool is not in use, please run with -Djdk.instrument.traceUsage for more information
WARNING: Dynamic loading of agents will be disallowed by default in a future release
]]></system-err>
</testsuite>
