<?xml version="1.0" encoding="UTF-8"?>
<testsuite name="com.gmaingret.outlinergod.SmokeTest" tests="2" skipped="0" failures="0" errors="0" timestamp="2026-03-04T11:05:26.941Z" hostname="GREGLAPTOP" time="0.001">
  <properties/>
  <testcase name="smoke_unitTestFramework_isAvailable" classname="com.gmaingret.outlinergod.SmokeTest" time="0.0"/>
  <testcase name="smoke_applicationId_isCorrect" classname="com.gmaingret.outlinergod.SmokeTest" time="0.001"/>
  <system-out><![CDATA[]]></system-out>
  <system-err><![CDATA[]]></system-err>
</testsuite>
