<?xml version="1.0" encoding="UTF-8"?>
<testsuite name="com.gmaingret.outlinergod.ui.screen.documentlist.DocumentListViewModelTest" tests="8" skipped="0" failures="0" errors="0" timestamp="2026-03-04T11:05:23.676Z" hostname="GREGLAPTOP" time="0.707">
  <properties/>
  <testcase name="createDocument posts ShowError on failure" classname="com.gmaingret.outlinergod.ui.screen.documentlist.DocumentListViewModelTest" time="0.211"/>
  <testcase name="initialLoad with empty list emits Success with empty items" classname="com.gmaingret.outlinergod.ui.screen.documentlist.DocumentListViewModelTest" time="0.019"/>
  <testcase name="renameDocument updates HLC timestamp and triggers sync" classname="com.gmaingret.outlinergod.ui.screen.documentlist.DocumentListViewModelTest" time="0.193"/>
  <testcase name="deleteDocument soft deletes locally" classname="com.gmaingret.outlinergod.ui.screen.documentlist.DocumentListViewModelTest" time="0.099"/>
  <testcase name="initialLoad emits Success with documents" classname="com.gmaingret.outlinergod.ui.screen.documentlist.DocumentListViewModelTest" time="0.014"/>
  <testcase name="toggleFolderCollapse toggles collapsed bit" classname="com.gmaingret.outlinergod.ui.screen.documentlist.DocumentListViewModelTest" time="0.065"/>
  <testcase name="createDocument also inserts a root node with parentId equal to documentId" classname="com.gmaingret.outlinergod.ui.screen.documentlist.DocumentListViewModelTest" time="0.071"/>
  <testcase name="createDocument inserts document locally on success" classname="com.gmaingret.outlinergod.ui.screen.documentlist.DocumentListViewModelTest" time="0.034"/>
  <system-out><![CDATA[]]></system-out>
  <system-err><![CDATA[]]></system-err>
</testsuite>
