<?xml version="1.0" encoding="UTF-8"?>
<testsuite name="com.gmaingret.outlinergod.sync.SyncSchedulerTest" tests="2" skipped="0" failures="0" errors="0" timestamp="2026-03-04T11:05:37.306Z" hostname="GREGLAPTOP" time="0.236">
  <properties/>
  <testcase name="schedulePeriodicSync_hasConnectedNetworkConstraint" classname="com.gmaingret.outlinergod.sync.SyncSchedulerTest" time="0.147"/>
  <testcase name="schedulePeriodicSync_enqueuesWorkWithCorrectName" classname="com.gmaingret.outlinergod.sync.SyncSchedulerTest" time="0.089"/>
  <system-out><![CDATA[]]></system-out>
  <system-err><![CDATA[]]></system-err>
</testsuite>
