<?xml version="1.0" encoding="UTF-8"?>
<testsuite name="com.gmaingret.outlinergod.db.dao.DocumentDaoTest" tests="7" skipped="0" failures="0" errors="0" timestamp="2026-03-04T11:05:28.525Z" hostname="GREGLAPTOP" time="0.478">
  <properties/>
  <testcase name="getAllDocuments_tiesInSortOrder_brokenById" classname="com.gmaingret.outlinergod.db.dao.DocumentDaoTest" time="0.078"/>
  <testcase name="getAllDocuments_excludesOtherUsers" classname="com.gmaingret.outlinergod.db.dao.DocumentDaoTest" time="0.082"/>
  <testcase name="softDeleteDocument_excludesFromActiveList" classname="com.gmaingret.outlinergod.db.dao.DocumentDaoTest" time="0.074"/>
  <testcase name="getDocumentByIdSync_returnsNull_forUnknownId" classname="com.gmaingret.outlinergod.db.dao.DocumentDaoTest" time="0.058"/>
  <testcase name="getAllDocuments_sortsByFractionalIndex_lexicographically" classname="com.gmaingret.outlinergod.db.dao.DocumentDaoTest" time="0.062"/>
  <testcase name="getAllDocuments_returnsActiveDocuments" classname="com.gmaingret.outlinergod.db.dao.DocumentDaoTest" time="0.067"/>
  <testcase name="upsertDocuments_updatesExistingDocument" classname="com.gmaingret.outlinergod.db.dao.DocumentDaoTest" time="0.056"/>
  <system-out><![CDATA[]]></system-out>
  <system-err><![CDATA[]]></system-err>
</testsuite>
