<?xml version="1.0" encoding="UTF-8"?>
<testsuite name="com.gmaingret.outlinergod.db.dao.NodeDaoTest" tests="7" skipped="0" failures="0" errors="0" timestamp="2026-03-04T11:05:29.022Z" hostname="GREGLAPTOP" time="0.479">
  <properties/>
  <testcase name="getNodesByDocument_excludesDifferentDocument" classname="com.gmaingret.outlinergod.db.dao.NodeDaoTest" time="0.097"/>
  <testcase name="getNodesByDocument_returnsActiveNodes" classname="com.gmaingret.outlinergod.db.dao.NodeDaoTest" time="0.08"/>
  <testcase name="upsertNodes_insertsNewNodes" classname="com.gmaingret.outlinergod.db.dao.NodeDaoTest" time="0.058"/>
  <testcase name="getPendingChanges_excludesNode_fromDifferentDevice" classname="com.gmaingret.outlinergod.db.dao.NodeDaoTest" time="0.058"/>
  <testcase name="upsertNodes_updatesExistingNode_byId" classname="com.gmaingret.outlinergod.db.dao.NodeDaoTest" time="0.057"/>
  <testcase name="getPendingChanges_includesNode_fromSameDevice" classname="com.gmaingret.outlinergod.db.dao.NodeDaoTest" time="0.05"/>
  <testcase name="softDeleteNode_setsTombstone_andExcludesFromActiveList" classname="com.gmaingret.outlinergod.db.dao.NodeDaoTest" time="0.079"/>
  <system-out><![CDATA[]]></system-out>
  <system-err><![CDATA[]]></system-err>
</testsuite>
